<?xml version="1.0" encoding="UTF-8"?>
<!-- Generated by org.testng.reporters.JUnitReportReporter -->
<testsuite skipped="0" hostname="PDCDT01GY4ZVQ1" name="com.TestPages.CreateWishList" tests="5" failures="0" timestamp="2020-01-29T15:57:03 GMT" time="66.292" errors="0">
  <testcase name="FourthTest" time="25.728" classname="com.TestPages.CreateWishList"/>
  <system-out/>
  <testcase name="FifthTest" time="21.491" classname="com.TestPages.CreateWishList"/>
  <system-out/>
  <testcase name="SecondTest" time="4.153" classname="com.TestPages.CreateWishList"/>
  <system-out/>
  <testcase name="ThirdTest" time="4.503" classname="com.TestPages.CreateWishList"/>
  <system-out/>
  <testcase name="FirstTest" time="10.417" classname="com.TestPages.CreateWishList"/>
  <system-out/>
</testsuite> <!-- com.TestPages.CreateWishList -->
